<?xml version="1.0" encoding="UTF-8"?>
<testsuite xmlns:xsi="http://www.w3.org/2001/XMLSchema-instance" xsi:schemaLocation="https://maven.apache.org/surefire/maven-surefire-plugin/xsd/surefire-test-report.xsd" name="Model.LottoBaseTest" time="0.163" tests="12" errors="5" skipped="0" failures="0">
  <properties>
[...]
</properties>
  <testcase name="testGetAllDatabaseElements" classname="Model.LottoBaseTest" time="0.025"/>
  <testcase name="testDoNewRandomWinningSetsProcedure{int, int[]}[1]" classname="Model.LottoBaseTest" time="0.037">
    <error message="Error aggregating arguments for parameter at index 1: class [I cannot be cast to class [Ljava.lang.Object; ([I and [Ljava.lang.Object; are in module java.base of loader &apos;bootstrap&apos;)" type="org.junit.jupiter.api.extension.ParameterResolutionException">org.junit.jupiter.api.extension.ParameterResolutionException: Error aggregating arguments for parameter at index 1: class [I cannot be cast to class [Ljava.lang.Object; ([I and [Ljava.lang.Object; are in module java.base of loader 'bootstrap')
Caused by: java.lang.ClassCastException: class [I cannot be cast to class [Ljava.lang.Object; ([I and [Ljava.lang.Object; are in module java.base of loader 'bootstrap')
</error>
  </testcase>
  <testcase name="testDoNewRandomWinningSetsProcedure{int, int[]}[2]" classname="Model.LottoBaseTest" time="0.002">
    <error message="Error aggregating arguments for parameter at index 1: class [I cannot be cast to class [Ljava.lang.Object; ([I and [Ljava.lang.Object; are in module java.base of loader &apos;bootstrap&apos;)" type="org.junit.jupiter.api.extension.ParameterResolutionException">org.junit.jupiter.api.extension.ParameterResolutionException: Error aggregating arguments for parameter at index 1: class [I cannot be cast to class [Ljava.lang.Object; ([I and [Ljava.lang.Object; are in module java.base of loader 'bootstrap')
Caused by: java.lang.ClassCastException: class [I cannot be cast to class [Ljava.lang.Object; ([I and [Ljava.lang.Object; are in module java.base of loader 'bootstrap')
</error>
  </testcase>
  <testcase name="testDoNewRandomWinningSetsProcedure{int, int[]}[3]" classname="Model.LottoBaseTest" time="0.003">
    <error message="Error aggregating arguments for parameter at index 1: class [I cannot be cast to class [Ljava.lang.Object; ([I and [Ljava.lang.Object; are in module java.base of loader &apos;bootstrap&apos;)" type="org.junit.jupiter.api.extension.ParameterResolutionException">org.junit.jupiter.api.extension.ParameterResolutionException: Error aggregating arguments for parameter at index 1: class [I cannot be cast to class [Ljava.lang.Object; ([I and [Ljava.lang.Object; are in module java.base of loader 'bootstrap')
Caused by: java.lang.ClassCastException: class [I cannot be cast to class [Ljava.lang.Object; ([I and [Ljava.lang.Object; are in module java.base of loader 'bootstrap')
</error>
  </testcase>
  <testcase name="testDoNewRandomWinningSetsProcedure{int, int[]}[4]" classname="Model.LottoBaseTest" time="0.003">
    <error message="Error aggregating arguments for parameter at index 1: class [I cannot be cast to class [Ljava.lang.Object; ([I and [Ljava.lang.Object; are in module java.base of loader &apos;bootstrap&apos;)" type="org.junit.jupiter.api.extension.ParameterResolutionException">org.junit.jupiter.api.extension.ParameterResolutionException: Error aggregating arguments for parameter at index 1: class [I cannot be cast to class [Ljava.lang.Object; ([I and [Ljava.lang.Object; are in module java.base of loader 'bootstrap')
Caused by: java.lang.ClassCastException: class [I cannot be cast to class [Ljava.lang.Object; ([I and [Ljava.lang.Object; are in module java.base of loader 'bootstrap')
</error>
  </testcase>
  <testcase name="testDoNewRandomWinningSetsProcedure{int, int[]}[5]" classname="Model.LottoBaseTest" time="0.002">
    <error message="Error aggregating arguments for parameter at index 1: class [I cannot be cast to class [Ljava.lang.Object; ([I and [Ljava.lang.Object; are in module java.base of loader &apos;bootstrap&apos;)" type="org.junit.jupiter.api.extension.ParameterResolutionException">org.junit.jupiter.api.extension.ParameterResolutionException: Error aggregating arguments for parameter at index 1: class [I cannot be cast to class [Ljava.lang.Object; ([I and [Ljava.lang.Object; are in module java.base of loader 'bootstrap')
Caused by: java.lang.ClassCastException: class [I cannot be cast to class [Ljava.lang.Object; ([I and [Ljava.lang.Object; are in module java.base of loader 'bootstrap')
</error>
  </testcase>
  <testcase name="testGetDataFromDatabase" classname="Model.LottoBaseTest" time="0.001"/>
  <testcase name="testGetWinningNumbers" classname="Model.LottoBaseTest" time="0.001"/>
  <testcase name="testSetFilename" classname="Model.LottoBaseTest" time="0"/>
  <testcase name="testGetFilename" classname="Model.LottoBaseTest" time="0.001"/>
  <testcase name="testGetFrequency" classname="Model.LottoBaseTest" time="0.001"/>
  <testcase name="testGetPercents" classname="Model.LottoBaseTest" time="0.001"/>
</testsuite>